# Locations: 10
   0  805  357
   1   85   37
   2  467  451
   3  328  274
   4  743  597
   5  810  170
   6  986  931
   7  785  124
   8  792  911
   9  426  759
# Flow:
   0  453  488  378  463  472  632  857  883  662
 453    0  644  514  256  369  905  559  377  306
 488  644    0  312  289  458  222  574  214  511
 378  514  312    0  458  599  394  731  741  570
 463  256  289  458    0  557  694  652  383   35
 472  369  458  599  557    0  502  359  174  734
 632  905  222  394  694  502    0  777  192  648
 857  559  574  731  652  359  777    0  659  469
 883  377  214  741  383  174  192  659    0  504
 662  306  511  570   35  734  648  469  504    0
